c:\users\mustapha\source\repos\com\com\debug\source.obj
c:\users\mustapha\source\repos\com\com\debug\vc141.pdb
c:\users\mustapha\appdata\local\temp\lnk{884ce79d-c5f6-4cb7-80ad-58b804f810a8}.tmp
c:\users\mustapha\source\repos\com\debug\com.ilk
c:\users\mustapha\source\repos\com\debug\com.exe
c:\users\mustapha\source\repos\com\debug\com.pdb
c:\users\mustapha\source\repos\com\com\debug\com.tlog\icl-mcpcom.read.1.tlog
c:\users\mustapha\source\repos\com\com\debug\com.tlog\icl-mcpcom.write.1.tlog
c:\users\mustapha\source\repos\com\com\debug\com.tlog\icl.command.1.tlog
c:\users\mustapha\source\repos\com\com\debug\com.tlog\icl.read.1.tlog
c:\users\mustapha\source\repos\com\com\debug\com.tlog\icl.write.1.tlog
c:\users\mustapha\source\repos\com\com\debug\com.tlog\xilink-link-cvtres.read.1.tlog
c:\users\mustapha\source\repos\com\com\debug\com.tlog\xilink-link-cvtres.write.1.tlog
c:\users\mustapha\source\repos\com\com\debug\com.tlog\xilink-link-rc.read.1.tlog
c:\users\mustapha\source\repos\com\com\debug\com.tlog\xilink-link-rc.write.1.tlog
c:\users\mustapha\source\repos\com\com\debug\com.tlog\xilink-link.read.1.tlog
c:\users\mustapha\source\repos\com\com\debug\com.tlog\xilink-link.read.3.tlog
c:\users\mustapha\source\repos\com\com\debug\com.tlog\xilink-link.write.1.tlog
c:\users\mustapha\source\repos\com\com\debug\com.tlog\xilink.command.1.tlog
c:\users\mustapha\source\repos\com\com\debug\com.tlog\xilink.read.1.tlog
c:\users\mustapha\source\repos\com\com\debug\com.tlog\xilink.write.1.tlog
