  Source.cpp
Source.obj : : error LNK2019: unresolved external symbol ippsMod_BN referenced in function "class BigNumber __cdecl operator%(class BigNumber const &,class BigNumber const &)" (??L@YA?AVBigNumber@@AEBV0@0@Z)
Source.obj : : error LNK2019: unresolved external symbol ippsBigNumGetSize referenced in function "struct _cpBigNum * __cdecl newBN(int,unsigned int const *)" (?newBN@@YAPEAU_cpBigNum@@HPEBI@Z)
Source.obj : : error LNK2019: unresolved external symbol ippsBigNumInit referenced in function "struct _cpBigNum * __cdecl newBN(int,unsigned int const *)" (?newBN@@YAPEAU_cpBigNum@@HPEBI@Z)
Source.obj : : error LNK2019: unresolved external symbol ippsSet_BN referenced in function "struct _cpBigNum * __cdecl newBN(int,unsigned int const *)" (?newBN@@YAPEAU_cpBigNum@@HPEBI@Z)
Source.obj : : error LNK2019: unresolved external symbol ippsPRNGGetSize referenced in function "struct _cpPRNG * __cdecl newPRNG(int)" (?newPRNG@@YAPEAU_cpPRNG@@H@Z)
Source.obj : : error LNK2019: unresolved external symbol ippsPRNGInit referenced in function "struct _cpPRNG * __cdecl newPRNG(int)" (?newPRNG@@YAPEAU_cpPRNG@@H@Z)
Source.obj : : error LNK2019: unresolved external symbol ippsPRNGSetSeed referenced in function "struct _cpPRNG * __cdecl newPRNG(int)" (?newPRNG@@YAPEAU_cpPRNG@@H@Z)
Source.obj : : error LNK2019: unresolved external symbol ippsPRNGSetAugment referenced in function "struct _cpPRNG * __cdecl newPRNG(int)" (?newPRNG@@YAPEAU_cpPRNG@@H@Z)
Source.obj : : error LNK2019: unresolved external symbol ippsPrimeGetSize referenced in function "struct _cpPrime * __cdecl newPrimeGen(int)" (?newPrimeGen@@YAPEAU_cpPrime@@H@Z)
Source.obj : : error LNK2019: unresolved external symbol ippsPrimeInit referenced in function "struct _cpPrime * __cdecl newPrimeGen(int)" (?newPrimeGen@@YAPEAU_cpPrime@@H@Z)
Source.obj : : error LNK2019: unresolved external symbol ippsDLPGetSize referenced in function "struct _cpDLP * __cdecl newDLP(int,int)" (?newDLP@@YAPEAU_cpDLP@@HH@Z)
Source.obj : : error LNK2019: unresolved external symbol ippsDLPInit referenced in function "struct _cpDLP * __cdecl newDLP(int,int)" (?newDLP@@YAPEAU_cpDLP@@HH@Z)
Source.obj : : error LNK2019: unresolved external symbol ippsRSA_GetSizePublicKey referenced in function "int __cdecl RSA_sample(void)" (?RSA_sample@@YAHXZ)
Source.obj : : error LNK2019: unresolved external symbol ippsRSA_InitPublicKey referenced in function "int __cdecl RSA_sample(void)" (?RSA_sample@@YAHXZ)
Source.obj : : error LNK2019: unresolved external symbol ippsRSA_GetSizePrivateKeyType2 referenced in function "int __cdecl RSA_sample(void)" (?RSA_sample@@YAHXZ)
Source.obj : : error LNK2019: unresolved external symbol ippsRSA_InitPrivateKeyType2 referenced in function "int __cdecl RSA_sample(void)" (?RSA_sample@@YAHXZ)
Source.obj : : error LNK2019: unresolved external symbol ippsRSA_GetBufferSizePublicKey referenced in function "int __cdecl RSA_sample(void)" (?RSA_sample@@YAHXZ)
Source.obj : : error LNK2019: unresolved external symbol ippsRSA_GetBufferSizePrivateKey referenced in function "int __cdecl RSA_sample(void)" (?RSA_sample@@YAHXZ)
Source.obj : : error LNK2019: unresolved external symbol ippsPRNGen referenced in function "int __cdecl RSA_sample(void)" (?RSA_sample@@YAHXZ)
Source.obj : : error LNK2019: unresolved external symbol ippsRSA_ValidateKeys referenced in function "int __cdecl RSA_sample(void)" (?RSA_sample@@YAHXZ)
Source.obj : : error LNK2019: unresolved external symbol ippsRSA_GenerateKeys referenced in function "int __cdecl RSA_sample(void)" (?RSA_sample@@YAHXZ)
Source.obj : : error LNK2019: unresolved external symbol ippsRSA_SetPublicKey referenced in function "int __cdecl RSA_sample(void)" (?RSA_sample@@YAHXZ)
Source.obj : : error LNK2019: unresolved external symbol ippsRSA_SetPrivateKeyType1 referenced in function "int __cdecl RSA_sample(void)" (?RSA_sample@@YAHXZ)
Source.obj : : error LNK2019: unresolved external symbol ippsRSA_Encrypt referenced in function "int __cdecl RSA_sample(void)" (?RSA_sample@@YAHXZ)
Source.obj : : error LNK2019: unresolved external symbol ippsRSA_Decrypt referenced in function "int __cdecl RSA_sample(void)" (?RSA_sample@@YAHXZ)
Source.obj : : error LNK2019: unresolved external symbol ippsCmp_BN referenced in function "int __cdecl RSA_sample(void)" (?RSA_sample@@YAHXZ)
Source.obj : : error LNK2019: unresolved external symbol ippsRef_BN referenced in function "public: __cdecl BigNumber::BigNumber(struct _cpBigNum const *)" (??0BigNumber@@QEAA@PEBU_cpBigNum@@@Z)
Source.obj : : error LNK2019: unresolved external symbol ippsAdd_BN referenced in function "public: class BigNumber & __cdecl BigNumber::operator+=(class BigNumber const &)" (??YBigNumber@@QEAAAEAV0@AEBV0@@Z)
Source.obj : : error LNK2019: unresolved external symbol ippsSub_BN referenced in function "public: class BigNumber & __cdecl BigNumber::operator-=(class BigNumber const &)" (??ZBigNumber@@QEAAAEAV0@AEBV0@@Z)
Source.obj : : error LNK2019: unresolved external symbol ippsMul_BN referenced in function "public: class BigNumber & __cdecl BigNumber::operator*=(unsigned int)" (??XBigNumber@@QEAAAEAV0@I@Z)
Source.obj : : error LNK2019: unresolved external symbol ippsDiv_BN referenced in function "public: class BigNumber & __cdecl BigNumber::operator/=(class BigNumber const &)" (??_0BigNumber@@QEAAAEAV0@AEBV0@@Z)
Source.obj : : error LNK2019: unresolved external symbol ippsModInv_BN referenced in function "public: class BigNumber __cdecl BigNumber::InverseMul(class BigNumber const &)const " (?InverseMul@BigNumber@@QEBA?AV1@AEBV1@@Z)
Source.obj : : error LNK2019: unresolved external symbol ippsGetSize_BN referenced in function "public: void __cdecl BigNumber::tBN(char const *)" (?tBN@BigNumber@@QEAAXPEBD@Z)
Source.obj : : error LNK2019: unresolved external symbol ippsGet_BN referenced in function "public: void __cdecl BigNumber::tBN(char const *)" (?tBN@BigNumber@@QEAAXPEBD@Z)
Source.obj : : error LNK2019: unresolved external symbol ippsGetOctString_BN referenced in function "public: void __cdecl BigNumber::tBN(char const *)" (?tBN@BigNumber@@QEAAXPEBD@Z)
Source.obj : : error LNK2019: unresolved external symbol ippsCmpZero_BN referenced in function "protected: int __cdecl BigNumber::compare(class BigNumber const &)const " (?compare@BigNumber@@IEBAHAEBV1@@Z)
C:\Users\Mustapha\source\repos\Com\x64\Debug\Com.exe : : error LNK1120: 36 unresolved externals
